[0m2022.03.02 06:34:51 INFO  Started: Metals version 0.10.8 in workspace '/notebooks/notebooks' for client code-server 1.57.1.[0m
[0m2022.03.02 06:34:54 INFO  time: initialize in 2.58s[0m
[0m2022.03.02 06:34:55 WARN  Build server is not auto-connectable.[0m
[0m2022.03.02 06:34:55 WARN  no build tool detected in workspace '/notebooks/notebooks'. The most common cause for this problem is that the editor was opened in the wrong working directory, for example if you use sbt then the workspace directory should contain build.sbt. [0m
[0m2022.03.02 06:35:16 WARN  no build target for: /notebooks/notebooks/Untitled-1.scala[0m
[0m2022.03.02 06:35:19 WARN  no build target for: /notebooks/notebooks/Untitled-1.scala[0m
Mar 02, 2022 6:35:19 AM org.eclipse.lsp4j.jsonrpc.RemoteEndpoint fallbackResponseError
SEVERE: Internal error: java.lang.reflect.InvocationTargetException
java.lang.RuntimeException: java.lang.reflect.InvocationTargetException
	at org.eclipse.lsp4j.jsonrpc.services.GenericEndpoint.lambda$null$0(GenericEndpoint.java:67)
	at org.eclipse.lsp4j.jsonrpc.services.GenericEndpoint.request(GenericEndpoint.java:120)
	at org.eclipse.lsp4j.jsonrpc.RemoteEndpoint.handleRequest(RemoteEndpoint.java:261)
	at org.eclipse.lsp4j.jsonrpc.RemoteEndpoint.consume(RemoteEndpoint.java:190)
	at org.eclipse.lsp4j.jsonrpc.json.StreamMessageProducer.handleMessage(StreamMessageProducer.java:194)
	at org.eclipse.lsp4j.jsonrpc.json.StreamMessageProducer.listen(StreamMessageProducer.java:94)
	at org.eclipse.lsp4j.jsonrpc.json.ConcurrentMessageProcessor.run(ConcurrentMessageProcessor.java:113)
	at java.base/java.util.concurrent.Executors$RunnableAdapter.call(Executors.java:515)
	at java.base/java.util.concurrent.FutureTask.run(FutureTask.java:264)
	at java.base/java.util.concurrent.ThreadPoolExecutor.runWorker(ThreadPoolExecutor.java:1128)
	at java.base/java.util.concurrent.ThreadPoolExecutor$Worker.run(ThreadPoolExecutor.java:628)
	at java.base/java.lang.Thread.run(Thread.java:829)
Caused by: java.lang.reflect.InvocationTargetException
	at java.base/jdk.internal.reflect.NativeMethodAccessorImpl.invoke0(Native Method)
	at java.base/jdk.internal.reflect.NativeMethodAccessorImpl.invoke(NativeMethodAccessorImpl.java:62)
	at java.base/jdk.internal.reflect.DelegatingMethodAccessorImpl.invoke(DelegatingMethodAccessorImpl.java:43)
	at java.base/java.lang.reflect.Method.invoke(Method.java:566)
	at org.eclipse.lsp4j.jsonrpc.services.GenericEndpoint.lambda$null$0(GenericEndpoint.java:65)
	... 11 more
Caused by: java.lang.IllegalArgumentException: 23 is not a valid line number, allowed [0..0]
	at scala.meta.internal.inputs.InternalInput.lineToOffset(InternalInput.scala:37)
	at scala.meta.internal.inputs.InternalInput.lineToOffset$(InternalInput.scala:32)
	at scala.meta.inputs.Input$VirtualFile.lineToOffset(Input.scala:80)
	at scala.meta.inputs.Position$Range$.apply(Position.scala:59)
	at scala.meta.internal.mtags.MtagsEnrichments$XtensionPositionLspInverse.toMeta(MtagsEnrichments.scala:133)
	at scala.meta.internal.parsing.Trees.$anonfun$findLastEnclosingAt$4(Trees.scala:77)
	at scala.Option.flatMap(Option.scala:271)
	at scala.meta.internal.parsing.Trees.findLastEnclosingAt(Trees.scala:76)
	at scala.meta.internal.metals.codeactions.PatternMatchRefactor.contribute(PatternMatchRefactor.scala:96)
	at scala.meta.internal.metals.CodeActionProvider$$anonfun$1.applyOrElse(CodeActionProvider.scala:62)
	at scala.meta.internal.metals.CodeActionProvider$$anonfun$1.applyOrElse(CodeActionProvider.scala:61)
	at scala.collection.immutable.List.collect(List.scala:323)
	at scala.meta.internal.metals.CodeActionProvider.codeActions(CodeActionProvider.scala:61)
	at scala.meta.internal.metals.MetalsLanguageServer.$anonfun$codeAction$1(MetalsLanguageServer.scala:1554)
	at scala.meta.internal.metals.CancelTokens$.future(CancelTokens.scala:38)
	at scala.meta.internal.metals.MetalsLanguageServer.codeAction(MetalsLanguageServer.scala:1553)
	... 16 more

Mar 02, 2022 6:35:20 AM org.eclipse.lsp4j.jsonrpc.RemoteEndpoint fallbackResponseError
SEVERE: Internal error: java.lang.reflect.InvocationTargetException
java.lang.RuntimeException: java.lang.reflect.InvocationTargetException
	at org.eclipse.lsp4j.jsonrpc.services.GenericEndpoint.lambda$null$0(GenericEndpoint.java:67)
	at org.eclipse.lsp4j.jsonrpc.services.GenericEndpoint.request(GenericEndpoint.java:120)
	at org.eclipse.lsp4j.jsonrpc.RemoteEndpoint.handleRequest(RemoteEndpoint.java:261)
	at org.eclipse.lsp4j.jsonrpc.RemoteEndpoint.consume(RemoteEndpoint.java:190)
	at org.eclipse.lsp4j.jsonrpc.json.StreamMessageProducer.handleMessage(StreamMessageProducer.java:194)
	at org.eclipse.lsp4j.jsonrpc.json.StreamMessageProducer.listen(StreamMessageProducer.java:94)
	at org.eclipse.lsp4j.jsonrpc.json.ConcurrentMessageProcessor.run(ConcurrentMessageProcessor.java:113)
	at java.base/java.util.concurrent.Executors$RunnableAdapter.call(Executors.java:515)
	at java.base/java.util.concurrent.FutureTask.run(FutureTask.java:264)
	at java.base/java.util.concurrent.ThreadPoolExecutor.runWorker(ThreadPoolExecutor.java:1128)
	at java.base/java.util.concurrent.ThreadPoolExecutor$Worker.run(ThreadPoolExecutor.java:628)
	at java.base/java.lang.Thread.run(Thread.java:829)
Caused by: java.lang.reflect.InvocationTargetException
	at java.base/jdk.internal.reflect.NativeMethodAccessorImpl.invoke0(Native Method)
	at java.base/jdk.internal.reflect.NativeMethodAccessorImpl.invoke(NativeMethodAccessorImpl.java:62)
	at java.base/jdk.internal.reflect.DelegatingMethodAccessorImpl.invoke(DelegatingMethodAccessorImpl.java:43)
	at java.base/java.lang.reflect.Method.invoke(Method.java:566)
	at org.eclipse.lsp4j.jsonrpc.services.GenericEndpoint.lambda$null$0(GenericEndpoint.java:65)
	... 11 more
Caused by: java.lang.IllegalArgumentException: 23 is not a valid line number, allowed [0..0]
	at scala.meta.internal.inputs.InternalInput.lineToOffset(InternalInput.scala:37)
	at scala.meta.internal.inputs.InternalInput.lineToOffset$(InternalInput.scala:32)
	at scala.meta.inputs.Input$VirtualFile.lineToOffset(Input.scala:80)
	at scala.meta.inputs.Position$Range$.apply(Position.scala:59)
	at scala.meta.internal.mtags.MtagsEnrichments$XtensionPositionLspInverse.toMeta(MtagsEnrichments.scala:133)
	at scala.meta.internal.parsing.Trees.$anonfun$findLastEnclosingAt$4(Trees.scala:77)
	at scala.Option.flatMap(Option.scala:271)
	at scala.meta.internal.parsing.Trees.findLastEnclosingAt(Trees.scala:76)
	at scala.meta.internal.metals.codeactions.PatternMatchRefactor.contribute(PatternMatchRefactor.scala:96)
	at scala.meta.internal.metals.CodeActionProvider$$anonfun$1.applyOrElse(CodeActionProvider.scala:62)
	at scala.meta.internal.metals.CodeActionProvider$$anonfun$1.applyOrElse(CodeActionProvider.scala:61)
	at scala.collection.immutable.List.collect(List.scala:323)
	at scala.meta.internal.metals.CodeActionProvider.codeActions(CodeActionProvider.scala:61)
	at scala.meta.internal.metals.MetalsLanguageServer.$anonfun$codeAction$1(MetalsLanguageServer.scala:1554)
	at scala.meta.internal.metals.CancelTokens$.future(CancelTokens.scala:38)
	at scala.meta.internal.metals.MetalsLanguageServer.codeAction(MetalsLanguageServer.scala:1553)
	... 16 more

[0m2022.03.02 06:35:22 INFO  no build target: using presentation compiler with only scala-library: 3.1.0[0m
Mar 02, 2022 6:35:26 AM org.eclipse.lsp4j.jsonrpc.services.GenericEndpoint notify
INFO: Unsupported notification method: $/setTrace
[0m2022.03.02 06:35:27 INFO  time: code lens generation in 6.09s[0m
[0m2022.03.02 06:35:27 INFO  time: code lens generation in 7.66s[0m
